# JRE version: OpenJDK Runtime Environment Corretto-21.0.3.9.1 (21.0.3+9) (build 21.0.3+9-LTS)
# Java VM: OpenJDK 64-Bit Server VM Corretto-21.0.3.9.1 (21.0.3+9-LTS, mixed mode, sharing, tiered, compressed oops, compressed class ptrs, g1 gc, windows-amd64)
GC Precious Log:
 CardTable entry size: 512
 Card Set container configuration: InlinePtr #cards 4 size 8 Array Of Cards #cards 32 size 80 Howl #buckets 8 coarsen threshold 7372 Howl Bitmap #cards 1024 size 144 coarsen threshold 921 Card regions per heap region 1 cards per card region 8192
 CPUs: 8 total, 8 available
 Memory: 16110M
 Large Page Support: Disabled
 NUMA Support: Disabled
 Compressed Oops: Enabled (Zero based)
 Heap Region Size: 4M
 Heap Min Capacity: 8M
 Heap Initial Capacity: 252M
 Heap Max Capacity: 8G
 Pre-touch: Disabled
 Parallel Workers: 8
 Concurrent Workers: 2
 Concurrent Refinement Workers: 8
 Periodic GC: Disabled
Heap:
 garbage-first heap   total 307200K, used 213815K [0x0000000600000000, 0x0000000800000000)
  region size 4096K, 10 young (40960K), 2 survivors (8192K)
 Metaspace       used 123878K, committed 126528K, reserved 1179648K
  class space    used 17424K, committed 18752K, reserved 1048576K
GC Heap History (20 events):
Event: 28.337 GC heap before
{Heap before GC invocations=29 (full 0):
 garbage-first heap   total 212992K, used 181266K [0x0000000600000000, 0x0000000800000000)
  region size 4096K, 18 young (73728K), 3 survivors (12288K)
 Metaspace       used 101720K, committed 104192K, reserved 1179648K
  class space    used 14412K, committed 15616K, reserved 1048576K
}
Event: 28.347 GC heap after
{Heap after GC invocations=30 (full 0):
 garbage-first heap   total 212992K, used 122588K [0x0000000600000000, 0x0000000800000000)
  region size 4096K, 2 young (8192K), 2 survivors (8192K)
 Metaspace       used 101720K, committed 104192K, reserved 1179648K
  class space    used 14412K, committed 15616K, reserved 1048576K
}
Event: 29.626 GC heap before
{Heap before GC invocations=31 (full 0):
 garbage-first heap   total 225280K, used 184028K [0x0000000600000000, 0x0000000800000000)
  region size 4096K, 17 young (69632K), 2 survivors (8192K)
 Metaspace       used 105408K, committed 107904K, reserved 1179648K
  class space    used 14931K, committed 16192K, reserved 1048576K
}
Event: 29.636 GC heap after
{Heap after GC invocations=32 (full 0):
 garbage-first heap   total 225280K, used 124209K [0x0000000600000000, 0x0000000800000000)
  region size 4096K, 2 young (8192K), 2 survivors (8192K)
 Metaspace       used 105408K, committed 107904K, reserved 1179648K
  class space    used 14931K, committed 16192K, reserved 1048576K
}
Event: 30.959 GC heap before
{Heap before GC invocations=32 (full 0):
 garbage-first heap   total 225280K, used 193841K [0x0000000600000000, 0x0000000800000000)
  region size 4096K, 19 young (77824K), 2 survivors (8192K)
 Metaspace       used 108034K, committed 110592K, reserved 1179648K
  class space    used 15273K, committed 16512K, reserved 1048576K
}
Event: 30.977 GC heap after
{Heap after GC invocations=33 (full 0):
 garbage-first heap   total 225280K, used 128634K [0x0000000600000000, 0x0000000800000000)
  region size 4096K, 3 young (12288K), 3 survivors (12288K)
 Metaspace       used 108034K, committed 110592K, reserved 1179648K
  class space    used 15273K, committed 16512K, reserved 1048576K
}
Event: 33.480 GC heap before
{Heap before GC invocations=33 (full 0):
 garbage-first heap   total 225280K, used 190074K [0x0000000600000000, 0x0000000800000000)
  region size 4096K, 18 young (73728K), 3 survivors (12288K)
 Metaspace       used 110879K, committed 113408K, reserved 1179648K
  class space    used 15694K, committed 16960K, reserved 1048576K
}
Event: 33.497 GC heap after
{Heap after GC invocations=34 (full 0):
 garbage-first heap   total 225280K, used 133620K [0x0000000600000000, 0x0000000800000000)
  region size 4096K, 3 young (12288K), 3 survivors (12288K)
 Metaspace       used 110879K, committed 113408K, reserved 1179648K
  class space    used 15694K, committed 16960K, reserved 1048576K
}
Event: 34.339 GC heap before
{Heap before GC invocations=35 (full 0):
 garbage-first heap   total 241664K, used 186868K [0x0000000600000000, 0x0000000800000000)
  region size 4096K, 17 young (69632K), 3 survivors (12288K)
 Metaspace       used 110881K, committed 113408K, reserved 1179648K
  class space    used 15694K, committed 16960K, reserved 1048576K
}
Event: 34.352 GC heap after
{Heap after GC invocations=36 (full 0):
 garbage-first heap   total 241664K, used 135634K [0x0000000600000000, 0x0000000800000000)
  region size 4096K, 2 young (8192K), 2 survivors (8192K)
 Metaspace       used 110881K, committed 113408K, reserved 1179648K
  class space    used 15694K, committed 16960K, reserved 1048576K
}
Event: 35.864 GC heap before
{Heap before GC invocations=36 (full 0):
 garbage-first heap   total 241664K, used 209362K [0x0000000600000000, 0x0000000800000000)
  region size 4096K, 21 young (86016K), 2 survivors (8192K)
 Metaspace       used 111490K, committed 114112K, reserved 1179648K
  class space    used 15781K, committed 17088K, reserved 1048576K
}
Event: 35.887 GC heap after
{Heap after GC invocations=37 (full 0):
 garbage-first heap   total 290816K, used 148631K [0x0000000600000000, 0x0000000800000000)
  region size 4096K, 3 young (12288K), 3 survivors (12288K)
 Metaspace       used 111490K, committed 114112K, reserved 1179648K
  class space    used 15781K, committed 17088K, reserved 1048576K
}
Event: 38.566 GC heap before
{Heap before GC invocations=37 (full 0):
 garbage-first heap   total 290816K, used 251031K [0x0000000600000000, 0x0000000800000000)
  region size 4096K, 28 young (114688K), 3 survivors (12288K)
 Metaspace       used 116134K, committed 118784K, reserved 1179648K
  class space    used 16425K, committed 17728K, reserved 1048576K
}
Event: 38.584 GC heap after
{Heap after GC invocations=38 (full 0):
 garbage-first heap   total 290816K, used 158601K [0x0000000600000000, 0x0000000800000000)
  region size 4096K, 3 young (12288K), 3 survivors (12288K)
 Metaspace       used 116134K, committed 118784K, reserved 1179648K
  class space    used 16425K, committed 17728K, reserved 1048576K
}
Event: 40.397 GC heap before
{Heap before GC invocations=38 (full 0):
 garbage-first heap   total 290816K, used 252809K [0x0000000600000000, 0x0000000800000000)
  region size 4096K, 26 young (106496K), 3 survivors (12288K)
 Metaspace       used 120874K, committed 123456K, reserved 1179648K
  class space    used 17039K, committed 18304K, reserved 1048576K
}
Event: 40.412 GC heap after
{Heap after GC invocations=39 (full 0):
 garbage-first heap   total 290816K, used 166391K [0x0000000600000000, 0x0000000800000000)
  region size 4096K, 3 young (12288K), 3 survivors (12288K)
 Metaspace       used 120874K, committed 123456K, reserved 1179648K
  class space    used 17039K, committed 18304K, reserved 1048576K
}
Event: 45.521 GC heap before
{Heap before GC invocations=39 (full 0):
 garbage-first heap   total 290816K, used 252407K [0x0000000600000000, 0x0000000800000000)
  region size 4096K, 24 young (98304K), 3 survivors (12288K)
 Metaspace       used 123389K, committed 126016K, reserved 1179648K
  class space    used 17399K, committed 18688K, reserved 1048576K
}
Event: 45.542 GC heap after
{Heap after GC invocations=40 (full 0):
 garbage-first heap   total 290816K, used 176764K [0x0000000600000000, 0x0000000800000000)
  region size 4096K, 3 young (12288K), 3 survivors (12288K)
 Metaspace       used 123389K, committed 126016K, reserved 1179648K
  class space    used 17399K, committed 18688K, reserved 1048576K
}
Event: 48.803 GC heap before
{Heap before GC invocations=41 (full 0):
 garbage-first heap   total 307200K, used 254588K [0x0000000600000000, 0x0000000800000000)
  region size 4096K, 22 young (90112K), 3 survivors (12288K)
 Metaspace       used 123740K, committed 126400K, reserved 1179648K
  class space    used 17421K, committed 18752K, reserved 1048576K
}
Event: 48.827 GC heap after
{Heap after GC invocations=42 (full 0):
 garbage-first heap   total 307200K, used 185143K [0x0000000600000000, 0x0000000800000000)
  region size 4096K, 2 young (8192K), 2 survivors (8192K)
 Metaspace       used 123740K, committed 126400K, reserved 1179648K
  class space    used 17421K, committed 18752K, reserved 1048576K
}

