# JRE version: OpenJDK Runtime Environment Corretto-21.0.3.9.1 (21.0.3+9) (build 21.0.3+9-LTS)
# Java VM: OpenJDK 64-Bit Server VM Corretto-21.0.3.9.1 (21.0.3+9-LTS, mixed mode, sharing, tiered, compressed oops, compressed class ptrs, g1 gc, windows-amd64)
GC Precious Log:
 CardTable entry size: 512
 Card Set container configuration: InlinePtr #cards 4 size 8 Array Of Cards #cards 32 size 80 Howl #buckets 8 coarsen threshold 7372 Howl Bitmap #cards 1024 size 144 coarsen threshold 921 Card regions per heap region 1 cards per card region 8192
 CPUs: 8 total, 8 available
 Memory: 16110M
 Large Page Support: Disabled
 NUMA Support: Disabled
 Compressed Oops: Enabled (Zero based)
 Heap Region Size: 4M
 Heap Min Capacity: 8M
 Heap Initial Capacity: 252M
 Heap Max Capacity: 8G
 Pre-touch: Disabled
 Parallel Workers: 8
 Concurrent Workers: 2
 Concurrent Refinement Workers: 8
 Periodic GC: Disabled
Heap:
 garbage-first heap   total 491520K, used 311902K [0x0000000600000000, 0x0000000800000000)
  region size 4096K, 19 young (77824K), 4 survivors (16384K)
 Metaspace       used 200091K, committed 203520K, reserved 1245184K
  class space    used 26420K, committed 28096K, reserved 1048576K
GC Heap History (20 events):
Event: 50.526 GC heap before
{Heap before GC invocations=36 (full 0):
 garbage-first heap   total 315392K, used 280482K [0x0000000600000000, 0x0000000800000000)
  region size 4096K, 27 young (110592K), 3 survivors (12288K)
 Metaspace       used 158949K, committed 161856K, reserved 1245184K
  class space    used 21174K, committed 22592K, reserved 1048576K
}
Event: 50.540 GC heap after
{Heap after GC invocations=37 (full 0):
 garbage-first heap   total 380928K, used 183631K [0x0000000600000000, 0x0000000800000000)
  region size 4096K, 3 young (12288K), 3 survivors (12288K)
 Metaspace       used 158949K, committed 161856K, reserved 1245184K
  class space    used 21174K, committed 22592K, reserved 1048576K
}
Event: 52.415 GC heap before
{Heap before GC invocations=37 (full 0):
 garbage-first heap   total 380928K, used 339279K [0x0000000600000000, 0x0000000800000000)
  region size 4096K, 41 young (167936K), 3 survivors (12288K)
 Metaspace       used 170462K, committed 173568K, reserved 1245184K
  class space    used 22713K, committed 24256K, reserved 1048576K
}
Event: 52.428 GC heap after
{Heap after GC invocations=38 (full 0):
 garbage-first heap   total 380928K, used 188269K [0x0000000600000000, 0x0000000800000000)
  region size 4096K, 4 young (16384K), 4 survivors (16384K)
 Metaspace       used 170462K, committed 173568K, reserved 1245184K
  class space    used 22713K, committed 24256K, reserved 1048576K
}
Event: 53.873 GC heap before
{Heap before GC invocations=38 (full 0):
 garbage-first heap   total 380928K, used 335725K [0x0000000600000000, 0x0000000800000000)
  region size 4096K, 40 young (163840K), 4 survivors (16384K)
 Metaspace       used 175106K, committed 178304K, reserved 1245184K
  class space    used 23326K, committed 24896K, reserved 1048576K
}
Event: 53.894 GC heap after
{Heap after GC invocations=39 (full 0):
 garbage-first heap   total 380928K, used 196399K [0x0000000600000000, 0x0000000800000000)
  region size 4096K, 4 young (16384K), 4 survivors (16384K)
 Metaspace       used 175106K, committed 178304K, reserved 1245184K
  class space    used 23326K, committed 24896K, reserved 1048576K
}
Event: 56.216 GC heap before
{Heap before GC invocations=39 (full 0):
 garbage-first heap   total 380928K, used 335663K [0x0000000600000000, 0x0000000800000000)
  region size 4096K, 39 young (159744K), 4 survivors (16384K)
 Metaspace       used 177853K, committed 181120K, reserved 1245184K
  class space    used 23723K, committed 25344K, reserved 1048576K
}
Event: 56.245 GC heap after
{Heap after GC invocations=40 (full 0):
 garbage-first heap   total 380928K, used 205204K [0x0000000600000000, 0x0000000800000000)
  region size 4096K, 5 young (20480K), 5 survivors (20480K)
 Metaspace       used 177853K, committed 181120K, reserved 1245184K
  class space    used 23723K, committed 25344K, reserved 1048576K
}
Event: 80.888 GC heap before
{Heap before GC invocations=41 (full 0):
 garbage-first heap   total 385024K, used 328084K [0x0000000600000000, 0x0000000800000000)
  region size 4096K, 36 young (147456K), 5 survivors (20480K)
 Metaspace       used 187045K, committed 190272K, reserved 1245184K
  class space    used 24844K, committed 26432K, reserved 1048576K
}
Event: 80.912 GC heap after
{Heap after GC invocations=42 (full 0):
 garbage-first heap   total 385024K, used 214754K [0x0000000600000000, 0x0000000800000000)
  region size 4096K, 5 young (20480K), 5 survivors (20480K)
 Metaspace       used 187045K, committed 190272K, reserved 1245184K
  class space    used 24844K, committed 26432K, reserved 1048576K
}
Event: 139.796 GC heap before
{Heap before GC invocations=42 (full 0):
 garbage-first heap   total 385024K, used 337634K [0x0000000600000000, 0x0000000800000000)
  region size 4096K, 35 young (143360K), 5 survivors (20480K)
 Metaspace       used 188741K, committed 192000K, reserved 1245184K
  class space    used 24995K, committed 26560K, reserved 1048576K
}
Event: 139.815 GC heap after
{Heap after GC invocations=43 (full 0):
 garbage-first heap   total 385024K, used 219076K [0x0000000600000000, 0x0000000800000000)
  region size 4096K, 2 young (8192K), 2 survivors (8192K)
 Metaspace       used 188741K, committed 192000K, reserved 1245184K
  class space    used 24995K, committed 26560K, reserved 1048576K
}
Event: 192.585 GC heap before
{Heap before GC invocations=43 (full 0):
 garbage-first heap   total 385024K, used 346052K [0x0000000600000000, 0x0000000800000000)
  region size 4096K, 33 young (135168K), 2 survivors (8192K)
 Metaspace       used 191517K, committed 194752K, reserved 1245184K
  class space    used 25345K, committed 26944K, reserved 1048576K
}
Event: 192.597 GC heap after
{Heap after GC invocations=44 (full 0):
 garbage-first heap   total 385024K, used 224195K [0x0000000600000000, 0x0000000800000000)
  region size 4096K, 3 young (12288K), 3 survivors (12288K)
 Metaspace       used 191517K, committed 194752K, reserved 1245184K
  class space    used 25345K, committed 26944K, reserved 1048576K
}
Event: 193.989 GC heap before
{Heap before GC invocations=45 (full 0):
 garbage-first heap   total 409600K, used 347075K [0x0000000600000000, 0x0000000800000000)
  region size 4096K, 33 young (135168K), 3 survivors (12288K)
 Metaspace       used 197304K, committed 200640K, reserved 1245184K
  class space    used 26090K, committed 27712K, reserved 1048576K
}
Event: 194.005 GC heap after
{Heap after GC invocations=46 (full 0):
 garbage-first heap   total 409600K, used 234331K [0x0000000600000000, 0x0000000800000000)
  region size 4096K, 5 young (20480K), 5 survivors (20480K)
 Metaspace       used 197304K, committed 200640K, reserved 1245184K
  class space    used 26090K, committed 27712K, reserved 1048576K
}
Event: 196.513 GC heap before
{Heap before GC invocations=46 (full 0):
 garbage-first heap   total 409600K, used 365403K [0x0000000600000000, 0x0000000800000000)
  region size 4096K, 37 young (151552K), 5 survivors (20480K)
 Metaspace       used 199388K, committed 202816K, reserved 1245184K
  class space    used 26388K, committed 28096K, reserved 1048576K
}
Event: 196.542 GC heap after
{Heap after GC invocations=47 (full 0):
 garbage-first heap   total 409600K, used 240018K [0x0000000600000000, 0x0000000800000000)
  region size 4096K, 5 young (20480K), 5 survivors (20480K)
 Metaspace       used 199388K, committed 202816K, reserved 1245184K
  class space    used 26388K, committed 28096K, reserved 1048576K
}
Event: 198.014 GC heap before
{Heap before GC invocations=47 (full 0):
 garbage-first heap   total 409600K, used 366994K [0x0000000600000000, 0x0000000800000000)
  region size 4096K, 36 young (147456K), 5 survivors (20480K)
 Metaspace       used 199918K, committed 203328K, reserved 1245184K
  class space    used 26405K, committed 28096K, reserved 1048576K
}
Event: 198.042 GC heap after
{Heap after GC invocations=48 (full 0):
 garbage-first heap   total 491520K, used 254558K [0x0000000600000000, 0x0000000800000000)
  region size 4096K, 4 young (16384K), 4 survivors (16384K)
 Metaspace       used 199918K, committed 203328K, reserved 1245184K
  class space    used 26405K, committed 28096K, reserved 1048576K
}

