# JRE version: OpenJDK Runtime Environment Temurin-21.0.7+6 (21.0.7+6) (build 21.0.7+6-LTS)
# Java VM: OpenJDK 64-Bit Server VM Temurin-21.0.7+6 (21.0.7+6-LTS, mixed mode, sharing, tiered, compressed oops, compressed class ptrs, parallel gc, windows-amd64)
GC Precious Log:
 CardTable entry size: 512
 CPUs: 8 total, 8 available
 Memory: 16110M
 Large Page Support: Disabled
 NUMA Support: Disabled
 Compressed Oops: Enabled (32-bit)
 Alignments: Space 512K, Generation 512K, Heap 2M
 Heap Min Capacity: 100M
 Heap Initial Capacity: 100M
 Heap Max Capacity: 1G
 Pre-touch: Disabled
 Parallel Workers: 8
Heap:
 PSYoungGen      total 18944K, used 3709K [0x00000000eab00000, 0x00000000ec180000, 0x0000000100000000)
  eden space 14848K, 4% used [0x00000000eab00000,0x00000000eabb4b80,0x00000000eb980000)
  from space 4096K, 72% used [0x00000000ebd80000,0x00000000ec06a9a0,0x00000000ec180000)
  to   space 4096K, 0% used [0x00000000eb980000,0x00000000eb980000,0x00000000ebd80000)
 ParOldGen       total 323584K, used 305405K [0x00000000c0000000, 0x00000000d3c00000, 0x00000000eab00000)
  object space 323584K, 94% used [0x00000000c0000000,0x00000000d2a3f728,0x00000000d3c00000)
 Metaspace       used 66756K, committed 68224K, reserved 1114112K
  class space    used 8118K, committed 8768K, reserved 1048576K
GC Heap History (20 events):
Event: 44.200 GC heap before
{Heap before GC invocations=302 (full 3):
 PSYoungGen      total 7680K, used 7350K [0x00000000eab00000, 0x00000000eb580000, 0x0000000100000000)
  eden space 5632K, 100% used [0x00000000eab00000,0x00000000eb080000,0x00000000eb080000)
  from space 2048K, 83% used [0x00000000eb380000,0x00000000eb52daf0,0x00000000eb580000)
  to   space 2560K, 0% used [0x00000000eb080000,0x00000000eb080000,0x00000000eb300000)
 ParOldGen       total 326144K, used 325680K [0x00000000c0000000, 0x00000000d3e80000, 0x00000000eab00000)
  object space 326144K, 99% used [0x00000000c0000000,0x00000000d3e0c160,0x00000000d3e80000)
 Metaspace       used 66125K, committed 67584K, reserved 1114112K
  class space    used 8034K, committed 8640K, reserved 1048576K
}
Event: 44.204 GC heap after
{Heap after GC invocations=302 (full 3):
 PSYoungGen      total 8192K, used 2205K [0x00000000eab00000, 0x00000000eb700000, 0x0000000100000000)
  eden space 5632K, 0% used [0x00000000eab00000,0x00000000eab00000,0x00000000eb080000)
  from space 2560K, 86% used [0x00000000eb080000,0x00000000eb2a7510,0x00000000eb300000)
  to   space 2560K, 0% used [0x00000000eb480000,0x00000000eb480000,0x00000000eb700000)
 ParOldGen       total 327680K, used 327321K [0x00000000c0000000, 0x00000000d4000000, 0x00000000eab00000)
  object space 327680K, 99% used [0x00000000c0000000,0x00000000d3fa66f8,0x00000000d4000000)
 Metaspace       used 66125K, committed 67584K, reserved 1114112K
  class space    used 8034K, committed 8640K, reserved 1048576K
}
Event: 44.226 GC heap before
{Heap before GC invocations=303 (full 3):
 PSYoungGen      total 8192K, used 7837K [0x00000000eab00000, 0x00000000eb700000, 0x0000000100000000)
  eden space 5632K, 100% used [0x00000000eab00000,0x00000000eb080000,0x00000000eb080000)
  from space 2560K, 86% used [0x00000000eb080000,0x00000000eb2a7510,0x00000000eb300000)
  to   space 2560K, 0% used [0x00000000eb480000,0x00000000eb480000,0x00000000eb700000)
 ParOldGen       total 327680K, used 327321K [0x00000000c0000000, 0x00000000d4000000, 0x00000000eab00000)
  object space 327680K, 99% used [0x00000000c0000000,0x00000000d3fa66f8,0x00000000d4000000)
 Metaspace       used 66176K, committed 67648K, reserved 1114112K
  class space    used 8037K, committed 8640K, reserved 1048576K
}
Event: 44.230 GC heap after
{Heap after GC invocations=303 (full 3):
 PSYoungGen      total 9216K, used 1703K [0x00000000eab00000, 0x00000000eb680000, 0x0000000100000000)
  eden space 7168K, 0% used [0x00000000eab00000,0x00000000eab00000,0x00000000eb200000)
  from space 2048K, 83% used [0x00000000eb480000,0x00000000eb629f80,0x00000000eb680000)
  to   space 2048K, 0% used [0x00000000eb280000,0x00000000eb280000,0x00000000eb480000)
 ParOldGen       total 329728K, used 329377K [0x00000000c0000000, 0x00000000d4200000, 0x00000000eab00000)
  object space 329728K, 99% used [0x00000000c0000000,0x00000000d41a8768,0x00000000d4200000)
 Metaspace       used 66176K, committed 67648K, reserved 1114112K
  class space    used 8037K, committed 8640K, reserved 1048576K
}
Event: 44.247 GC heap before
{Heap before GC invocations=304 (full 3):
 PSYoungGen      total 9216K, used 8871K [0x00000000eab00000, 0x00000000eb680000, 0x0000000100000000)
  eden space 7168K, 100% used [0x00000000eab00000,0x00000000eb200000,0x00000000eb200000)
  from space 2048K, 83% used [0x00000000eb480000,0x00000000eb629f80,0x00000000eb680000)
  to   space 2048K, 0% used [0x00000000eb280000,0x00000000eb280000,0x00000000eb480000)
 ParOldGen       total 329728K, used 329377K [0x00000000c0000000, 0x00000000d4200000, 0x00000000eab00000)
  object space 329728K, 99% used [0x00000000c0000000,0x00000000d41a8768,0x00000000d4200000)
 Metaspace       used 66260K, committed 67776K, reserved 1114112K
  class space    used 8052K, committed 8704K, reserved 1048576K
}
Event: 44.251 GC heap after
{Heap after GC invocations=304 (full 3):
 PSYoungGen      total 9728K, used 2012K [0x00000000eab00000, 0x00000000eb880000, 0x0000000100000000)
  eden space 7680K, 0% used [0x00000000eab00000,0x00000000eab00000,0x00000000eb280000)
  from space 2048K, 98% used [0x00000000eb280000,0x00000000eb477340,0x00000000eb480000)
  to   space 2560K, 0% used [0x00000000eb600000,0x00000000eb600000,0x00000000eb880000)
 ParOldGen       total 331264K, used 330987K [0x00000000c0000000, 0x00000000d4380000, 0x00000000eab00000)
  object space 331264K, 99% used [0x00000000c0000000,0x00000000d433ad98,0x00000000d4380000)
 Metaspace       used 66260K, committed 67776K, reserved 1114112K
  class space    used 8052K, committed 8704K, reserved 1048576K
}
Event: 44.263 GC heap before
{Heap before GC invocations=305 (full 3):
 PSYoungGen      total 9728K, used 9669K [0x00000000eab00000, 0x00000000eb880000, 0x0000000100000000)
  eden space 7680K, 99% used [0x00000000eab00000,0x00000000eb27a168,0x00000000eb280000)
  from space 2048K, 98% used [0x00000000eb280000,0x00000000eb477340,0x00000000eb480000)
  to   space 2560K, 0% used [0x00000000eb600000,0x00000000eb600000,0x00000000eb880000)
 ParOldGen       total 331264K, used 330987K [0x00000000c0000000, 0x00000000d4380000, 0x00000000eab00000)
  object space 331264K, 99% used [0x00000000c0000000,0x00000000d433ad98,0x00000000d4380000)
 Metaspace       used 66356K, committed 67840K, reserved 1114112K
  class space    used 8060K, committed 8704K, reserved 1048576K
}
Event: 44.266 GC heap after
{Heap after GC invocations=305 (full 3):
 PSYoungGen      total 11264K, used 2346K [0x00000000eab00000, 0x00000000eb900000, 0x0000000100000000)
  eden space 8704K, 0% used [0x00000000eab00000,0x00000000eab00000,0x00000000eb380000)
  from space 2560K, 91% used [0x00000000eb600000,0x00000000eb84a828,0x00000000eb880000)
  to   space 2560K, 0% used [0x00000000eb380000,0x00000000eb380000,0x00000000eb600000)
 ParOldGen       total 333312K, used 332905K [0x00000000c0000000, 0x00000000d4580000, 0x00000000eab00000)
  object space 333312K, 99% used [0x00000000c0000000,0x00000000d451a730,0x00000000d4580000)
 Metaspace       used 66356K, committed 67840K, reserved 1114112K
  class space    used 8060K, committed 8704K, reserved 1048576K
}
Event: 44.278 GC heap before
{Heap before GC invocations=306 (full 3):
 PSYoungGen      total 11264K, used 11050K [0x00000000eab00000, 0x00000000eb900000, 0x0000000100000000)
  eden space 8704K, 100% used [0x00000000eab00000,0x00000000eb380000,0x00000000eb380000)
  from space 2560K, 91% used [0x00000000eb600000,0x00000000eb84a828,0x00000000eb880000)
  to   space 2560K, 0% used [0x00000000eb380000,0x00000000eb380000,0x00000000eb600000)
 ParOldGen       total 333312K, used 332905K [0x00000000c0000000, 0x00000000d4580000, 0x00000000eab00000)
  object space 333312K, 99% used [0x00000000c0000000,0x00000000d451a730,0x00000000d4580000)
 Metaspace       used 66405K, committed 67904K, reserved 1114112K
  class space    used 8067K, committed 8704K, reserved 1048576K
}
Event: 44.282 GC heap after
{Heap after GC invocations=306 (full 3):
 PSYoungGen      total 11264K, used 11050K [0x00000000eab00000, 0x00000000eb900000, 0x0000000100000000)
  eden space 8704K, 100% used [0x00000000eab00000,0x00000000eb380000,0x00000000eb380000)
  from space 2560K, 91% used [0x00000000eb600000,0x00000000eb84a828,0x00000000eb880000)
  to   space 2560K, 99% used [0x00000000eb380000,0x00000000eb5fefe8,0x00000000eb600000)
 ParOldGen       total 335360K, used 335357K [0x00000000c0000000, 0x00000000d4780000, 0x00000000eab00000)
  object space 335360K, 99% used [0x00000000c0000000,0x00000000d477f798,0x00000000d4780000)
 Metaspace       used 66405K, committed 67904K, reserved 1114112K
  class space    used 8067K, committed 8704K, reserved 1048576K
}
Event: 44.282 GC heap before
{Heap before GC invocations=307 (full 4):
 PSYoungGen      total 11264K, used 11050K [0x00000000eab00000, 0x00000000eb900000, 0x0000000100000000)
  eden space 8704K, 100% used [0x00000000eab00000,0x00000000eb380000,0x00000000eb380000)
  from space 2560K, 91% used [0x00000000eb600000,0x00000000eb84a828,0x00000000eb880000)
  to   space 2560K, 99% used [0x00000000eb380000,0x00000000eb5fefe8,0x00000000eb600000)
 ParOldGen       total 335360K, used 335357K [0x00000000c0000000, 0x00000000d4780000, 0x00000000eab00000)
  object space 335360K, 99% used [0x00000000c0000000,0x00000000d477f798,0x00000000d4780000)
 Metaspace       used 66405K, committed 67904K, reserved 1114112K
  class space    used 8067K, committed 8704K, reserved 1048576K
}
Event: 44.913 GC heap after
{Heap after GC invocations=307 (full 4):
 PSYoungGen      total 11264K, used 0K [0x00000000eab00000, 0x00000000eba80000, 0x0000000100000000)
  eden space 8704K, 0% used [0x00000000eab00000,0x00000000eab00000,0x00000000eb380000)
  from space 2560K, 0% used [0x00000000eb380000,0x00000000eb380000,0x00000000eb600000)
  to   space 2560K, 0% used [0x00000000eb800000,0x00000000eb800000,0x00000000eba80000)
 ParOldGen       total 323584K, used 289951K [0x00000000c0000000, 0x00000000d3c00000, 0x00000000eab00000)
  object space 323584K, 89% used [0x00000000c0000000,0x00000000d1b27f38,0x00000000d3c00000)
 Metaspace       used 66405K, committed 67904K, reserved 1114112K
  class space    used 8067K, committed 8704K, reserved 1048576K
}
Event: 44.932 GC heap before
{Heap before GC invocations=308 (full 4):
 PSYoungGen      total 11264K, used 8704K [0x00000000eab00000, 0x00000000eba80000, 0x0000000100000000)
  eden space 8704K, 100% used [0x00000000eab00000,0x00000000eb380000,0x00000000eb380000)
  from space 2560K, 0% used [0x00000000eb380000,0x00000000eb380000,0x00000000eb600000)
  to   space 2560K, 0% used [0x00000000eb800000,0x00000000eb800000,0x00000000eba80000)
 ParOldGen       total 323584K, used 289951K [0x00000000c0000000, 0x00000000d3c00000, 0x00000000eab00000)
  object space 323584K, 89% used [0x00000000c0000000,0x00000000d1b27f38,0x00000000d3c00000)
 Metaspace       used 66407K, committed 67904K, reserved 1114112K
  class space    used 8068K, committed 8704K, reserved 1048576K
}
Event: 44.935 GC heap after
{Heap after GC invocations=308 (full 4):
 PSYoungGen      total 12288K, used 2545K [0x00000000eab00000, 0x00000000ebc00000, 0x0000000100000000)
  eden space 9728K, 0% used [0x00000000eab00000,0x00000000eab00000,0x00000000eb480000)
  from space 2560K, 99% used [0x00000000eb800000,0x00000000eba7c508,0x00000000eba80000)
  to   space 3584K, 0% used [0x00000000eb480000,0x00000000eb480000,0x00000000eb800000)
 ParOldGen       total 323584K, used 290759K [0x00000000c0000000, 0x00000000d3c00000, 0x00000000eab00000)
  object space 323584K, 89% used [0x00000000c0000000,0x00000000d1bf1c30,0x00000000d3c00000)
 Metaspace       used 66407K, committed 67904K, reserved 1114112K
  class space    used 8068K, committed 8704K, reserved 1048576K
}
Event: 44.952 GC heap before
{Heap before GC invocations=309 (full 4):
 PSYoungGen      total 12288K, used 12185K [0x00000000eab00000, 0x00000000ebc00000, 0x0000000100000000)
  eden space 9728K, 99% used [0x00000000eab00000,0x00000000eb46a260,0x00000000eb480000)
  from space 2560K, 99% used [0x00000000eb800000,0x00000000eba7c508,0x00000000eba80000)
  to   space 3584K, 0% used [0x00000000eb480000,0x00000000eb480000,0x00000000eb800000)
 ParOldGen       total 323584K, used 290759K [0x00000000c0000000, 0x00000000d3c00000, 0x00000000eab00000)
  object space 323584K, 89% used [0x00000000c0000000,0x00000000d1bf1c30,0x00000000d3c00000)
 Metaspace       used 66412K, committed 67904K, reserved 1114112K
  class space    used 8070K, committed 8704K, reserved 1048576K
}
Event: 44.958 GC heap after
{Heap after GC invocations=309 (full 4):
 PSYoungGen      total 13312K, used 3579K [0x00000000eab00000, 0x00000000ec480000, 0x0000000100000000)
  eden space 9728K, 0% used [0x00000000eab00000,0x00000000eab00000,0x00000000eb480000)
  from space 3584K, 99% used [0x00000000eb480000,0x00000000eb7fefd0,0x00000000eb800000)
  to   space 7168K, 0% used [0x00000000ebd80000,0x00000000ebd80000,0x00000000ec480000)
 ParOldGen       total 323584K, used 293445K [0x00000000c0000000, 0x00000000d3c00000, 0x00000000eab00000)
  object space 323584K, 90% used [0x00000000c0000000,0x00000000d1e916d8,0x00000000d3c00000)
 Metaspace       used 66412K, committed 67904K, reserved 1114112K
  class space    used 8070K, committed 8704K, reserved 1048576K
}
Event: 44.971 GC heap before
{Heap before GC invocations=310 (full 4):
 PSYoungGen      total 13312K, used 13307K [0x00000000eab00000, 0x00000000ec480000, 0x0000000100000000)
  eden space 9728K, 100% used [0x00000000eab00000,0x00000000eb480000,0x00000000eb480000)
  from space 3584K, 99% used [0x00000000eb480000,0x00000000eb7fefd0,0x00000000eb800000)
  to   space 7168K, 0% used [0x00000000ebd80000,0x00000000ebd80000,0x00000000ec480000)
 ParOldGen       total 323584K, used 293445K [0x00000000c0000000, 0x00000000d3c00000, 0x00000000eab00000)
  object space 323584K, 90% used [0x00000000c0000000,0x00000000d1e916d8,0x00000000d3c00000)
 Metaspace       used 66412K, committed 67904K, reserved 1114112K
  class space    used 8070K, committed 8704K, reserved 1048576K
}
Event: 44.976 GC heap after
{Heap after GC invocations=310 (full 4):
 PSYoungGen      total 15872K, used 4046K [0x00000000eab00000, 0x00000000ec180000, 0x0000000100000000)
  eden space 11776K, 0% used [0x00000000eab00000,0x00000000eab00000,0x00000000eb680000)
  from space 4096K, 98% used [0x00000000ebd80000,0x00000000ec1739a0,0x00000000ec180000)
  to   space 5120K, 0% used [0x00000000eb780000,0x00000000eb780000,0x00000000ebc80000)
 ParOldGen       total 323584K, used 296838K [0x00000000c0000000, 0x00000000d3c00000, 0x00000000eab00000)
  object space 323584K, 91% used [0x00000000c0000000,0x00000000d21e1978,0x00000000d3c00000)
 Metaspace       used 66412K, committed 67904K, reserved 1114112K
  class space    used 8070K, committed 8704K, reserved 1048576K
}
Event: 44.992 GC heap before
{Heap before GC invocations=311 (full 4):
 PSYoungGen      total 15872K, used 15822K [0x00000000eab00000, 0x00000000ec180000, 0x0000000100000000)
  eden space 11776K, 100% used [0x00000000eab00000,0x00000000eb680000,0x00000000eb680000)
  from space 4096K, 98% used [0x00000000ebd80000,0x00000000ec1739a0,0x00000000ec180000)
  to   space 5120K, 0% used [0x00000000eb780000,0x00000000eb780000,0x00000000ebc80000)
 ParOldGen       total 323584K, used 296838K [0x00000000c0000000, 0x00000000d3c00000, 0x00000000eab00000)
  object space 323584K, 91% used [0x00000000c0000000,0x00000000d21e1978,0x00000000d3c00000)
 Metaspace       used 66419K, committed 67904K, reserved 1114112K
  class space    used 8072K, committed 8704K, reserved 1048576K
}
Event: 44.995 GC heap after
{Heap after GC invocations=311 (full 4):
 PSYoungGen      total 17920K, used 4788K [0x00000000eab00000, 0x00000000ec280000, 0x0000000100000000)
  eden space 12800K, 0% used [0x00000000eab00000,0x00000000eab00000,0x00000000eb780000)
  from space 5120K, 93% used [0x00000000eb780000,0x00000000ebc2d160,0x00000000ebc80000)
  to   space 5120K, 0% used [0x00000000ebd80000,0x00000000ebd80000,0x00000000ec280000)
 ParOldGen       total 323584K, used 300736K [0x00000000c0000000, 0x00000000d3c00000, 0x00000000eab00000)
  object space 323584K, 92% used [0x00000000c0000000,0x00000000d25b0328,0x00000000d3c00000)
 Metaspace       used 66419K, committed 67904K, reserved 1114112K
  class space    used 8072K, committed 8704K, reserved 1048576K
}

