# JRE version: OpenJDK Runtime Environment Temurin-21.0.7+6 (21.0.7+6) (build 21.0.7+6-LTS)
# Java VM: OpenJDK 64-Bit Server VM Temurin-21.0.7+6 (21.0.7+6-LTS, mixed mode, sharing, tiered, compressed oops, compressed class ptrs, parallel gc, windows-amd64)
GC Precious Log:
 CardTable entry size: 512
 CPUs: 8 total, 8 available
 Memory: 16110M
 Large Page Support: Disabled
 NUMA Support: Disabled
 Compressed Oops: Enabled (32-bit)
 Alignments: Space 512K, Generation 512K, Heap 2M
 Heap Min Capacity: 100M
 Heap Initial Capacity: 100M
 Heap Max Capacity: 1G
 Pre-touch: Disabled
 Parallel Workers: 8
Heap:
 PSYoungGen      total 19968K, used 11375K [0x00000000eab00000, 0x00000000ec680000, 0x0000000100000000)
  eden space 12800K, 34% used [0x00000000eab00000,0x00000000eaf55ae0,0x00000000eb780000)
  from space 7168K, 96% used [0x00000000ebf80000,0x00000000ec646418,0x00000000ec680000)
  to   space 7168K, 0% used [0x00000000eb880000,0x00000000eb880000,0x00000000ebf80000)
 ParOldGen       total 403968K, used 403667K [0x00000000c0000000, 0x00000000d8a80000, 0x00000000eab00000)
  object space 403968K, 99% used [0x00000000c0000000,0x00000000d8a34dd0,0x00000000d8a80000)
 Metaspace       used 76807K, committed 78336K, reserved 1179648K
  class space    used 9224K, committed 9856K, reserved 1048576K
GC Heap History (20 events):
Event: 219.457 GC heap before
{Heap before GC invocations=260 (full 3):
 PSYoungGen      total 22528K, used 22288K [0x00000000eab00000, 0x00000000eca00000, 0x0000000100000000)
  eden space 17408K, 100% used [0x00000000eab00000,0x00000000ebc00000,0x00000000ebc00000)
  from space 5120K, 95% used [0x00000000ec500000,0x00000000ec9c41e0,0x00000000eca00000)
  to   space 6144K, 0% used [0x00000000ebe00000,0x00000000ebe00000,0x00000000ec400000)
 ParOldGen       total 344576K, used 344290K [0x00000000c0000000, 0x00000000d5080000, 0x00000000eab00000)
  object space 344576K, 99% used [0x00000000c0000000,0x00000000d5038a30,0x00000000d5080000)
 Metaspace       used 73641K, committed 75136K, reserved 1179648K
  class space    used 8905K, committed 9536K, reserved 1048576K
}
Event: 219.462 GC heap after
{Heap after GC invocations=260 (full 3):
 PSYoungGen      total 25600K, used 6017K [0x00000000eab00000, 0x00000000ecc80000, 0x0000000100000000)
  eden space 19456K, 0% used [0x00000000eab00000,0x00000000eab00000,0x00000000ebe00000)
  from space 6144K, 97% used [0x00000000ebe00000,0x00000000ec3e06f0,0x00000000ec400000)
  to   space 6656K, 0% used [0x00000000ec600000,0x00000000ec600000,0x00000000ecc80000)
 ParOldGen       total 349184K, used 348982K [0x00000000c0000000, 0x00000000d5500000, 0x00000000eab00000)
  object space 349184K, 99% used [0x00000000c0000000,0x00000000d54cdb10,0x00000000d5500000)
 Metaspace       used 73641K, committed 75136K, reserved 1179648K
  class space    used 8905K, committed 9536K, reserved 1048576K
}
Event: 219.489 GC heap before
{Heap before GC invocations=261 (full 3):
 PSYoungGen      total 25600K, used 25473K [0x00000000eab00000, 0x00000000ecc80000, 0x0000000100000000)
  eden space 19456K, 100% used [0x00000000eab00000,0x00000000ebe00000,0x00000000ebe00000)
  from space 6144K, 97% used [0x00000000ebe00000,0x00000000ec3e06f0,0x00000000ec400000)
  to   space 6656K, 0% used [0x00000000ec600000,0x00000000ec600000,0x00000000ecc80000)
 ParOldGen       total 349184K, used 348982K [0x00000000c0000000, 0x00000000d5500000, 0x00000000eab00000)
  object space 349184K, 99% used [0x00000000c0000000,0x00000000d54cdb10,0x00000000d5500000)
 Metaspace       used 73654K, committed 75136K, reserved 1179648K
  class space    used 8905K, committed 9536K, reserved 1048576K
}
Event: 219.495 GC heap after
{Heap after GC invocations=261 (full 3):
 PSYoungGen      total 28160K, used 5618K [0x00000000eab00000, 0x00000000ece00000, 0x0000000100000000)
  eden space 21504K, 0% used [0x00000000eab00000,0x00000000eab00000,0x00000000ec000000)
  from space 6656K, 84% used [0x00000000ec600000,0x00000000ecb7cb58,0x00000000ecc80000)
  to   space 6144K, 0% used [0x00000000ec000000,0x00000000ec000000,0x00000000ec600000)
 ParOldGen       total 355328K, used 354848K [0x00000000c0000000, 0x00000000d5b00000, 0x00000000eab00000)
  object space 355328K, 99% used [0x00000000c0000000,0x00000000d5a88298,0x00000000d5b00000)
 Metaspace       used 73654K, committed 75136K, reserved 1179648K
  class space    used 8905K, committed 9536K, reserved 1048576K
}
Event: 219.640 GC heap before
{Heap before GC invocations=262 (full 3):
 PSYoungGen      total 28160K, used 27122K [0x00000000eab00000, 0x00000000ece00000, 0x0000000100000000)
  eden space 21504K, 100% used [0x00000000eab00000,0x00000000ec000000,0x00000000ec000000)
  from space 6656K, 84% used [0x00000000ec600000,0x00000000ecb7cb58,0x00000000ecc80000)
  to   space 6144K, 0% used [0x00000000ec000000,0x00000000ec000000,0x00000000ec600000)
 ParOldGen       total 355328K, used 354848K [0x00000000c0000000, 0x00000000d5b00000, 0x00000000eab00000)
  object space 355328K, 99% used [0x00000000c0000000,0x00000000d5a88298,0x00000000d5b00000)
 Metaspace       used 74145K, committed 75648K, reserved 1179648K
  class space    used 8940K, committed 9600K, reserved 1048576K
}
Event: 219.650 GC heap after
{Heap after GC invocations=262 (full 3):
 PSYoungGen      total 24064K, used 2432K [0x00000000eab00000, 0x00000000ec800000, 0x0000000100000000)
  eden space 21504K, 0% used [0x00000000eab00000,0x00000000eab00000,0x00000000ec000000)
  from space 2560K, 95% used [0x00000000ec000000,0x00000000ec260010,0x00000000ec280000)
  to   space 4096K, 0% used [0x00000000ec400000,0x00000000ec400000,0x00000000ec800000)
 ParOldGen       total 360448K, used 359963K [0x00000000c0000000, 0x00000000d6000000, 0x00000000eab00000)
  object space 360448K, 99% used [0x00000000c0000000,0x00000000d5f86ee0,0x00000000d6000000)
 Metaspace       used 74145K, committed 75648K, reserved 1179648K
  class space    used 8940K, committed 9600K, reserved 1048576K
}
Event: 219.873 GC heap before
{Heap before GC invocations=263 (full 3):
 PSYoungGen      total 24064K, used 23936K [0x00000000eab00000, 0x00000000ec800000, 0x0000000100000000)
  eden space 21504K, 100% used [0x00000000eab00000,0x00000000ec000000,0x00000000ec000000)
  from space 2560K, 95% used [0x00000000ec000000,0x00000000ec260010,0x00000000ec280000)
  to   space 4096K, 0% used [0x00000000ec400000,0x00000000ec400000,0x00000000ec800000)
 ParOldGen       total 360448K, used 359963K [0x00000000c0000000, 0x00000000d6000000, 0x00000000eab00000)
  object space 360448K, 99% used [0x00000000c0000000,0x00000000d5f86ee0,0x00000000d6000000)
 Metaspace       used 75461K, committed 76992K, reserved 1179648K
  class space    used 9077K, committed 9728K, reserved 1048576K
}
Event: 219.888 GC heap after
{Heap after GC invocations=263 (full 3):
 PSYoungGen      total 16896K, used 4090K [0x00000000eab00000, 0x00000000ed900000, 0x0000000100000000)
  eden space 12800K, 0% used [0x00000000eab00000,0x00000000eab00000,0x00000000eb780000)
  from space 4096K, 99% used [0x00000000ec400000,0x00000000ec7fea20,0x00000000ec800000)
  to   space 12800K, 0% used [0x00000000eb780000,0x00000000eb780000,0x00000000ec400000)
 ParOldGen       total 367104K, used 366761K [0x00000000c0000000, 0x00000000d6680000, 0x00000000eab00000)
  object space 367104K, 99% used [0x00000000c0000000,0x00000000d662a750,0x00000000d6680000)
 Metaspace       used 75461K, committed 76992K, reserved 1179648K
  class space    used 9077K, committed 9728K, reserved 1048576K
}
Event: 220.124 GC heap before
{Heap before GC invocations=264 (full 3):
 PSYoungGen      total 16896K, used 16890K [0x00000000eab00000, 0x00000000ed900000, 0x0000000100000000)
  eden space 12800K, 100% used [0x00000000eab00000,0x00000000eb780000,0x00000000eb780000)
  from space 4096K, 99% used [0x00000000ec400000,0x00000000ec7fea20,0x00000000ec800000)
  to   space 12800K, 0% used [0x00000000eb780000,0x00000000eb780000,0x00000000ec400000)
 ParOldGen       total 367104K, used 366761K [0x00000000c0000000, 0x00000000d6680000, 0x00000000eab00000)
  object space 367104K, 99% used [0x00000000c0000000,0x00000000d662a750,0x00000000d6680000)
 Metaspace       used 75925K, committed 77440K, reserved 1179648K
  class space    used 9135K, committed 9792K, reserved 1048576K
}
Event: 220.134 GC heap after
{Heap after GC invocations=264 (full 3):
 PSYoungGen      total 19968K, used 6703K [0x00000000eab00000, 0x00000000ec780000, 0x0000000100000000)
  eden space 12800K, 0% used [0x00000000eab00000,0x00000000eab00000,0x00000000eb780000)
  from space 7168K, 93% used [0x00000000eb780000,0x00000000ebe0bd30,0x00000000ebe80000)
  to   space 8192K, 0% used [0x00000000ebf80000,0x00000000ebf80000,0x00000000ec780000)
 ParOldGen       total 370176K, used 369992K [0x00000000c0000000, 0x00000000d6980000, 0x00000000eab00000)
  object space 370176K, 99% used [0x00000000c0000000,0x00000000d6952178,0x00000000d6980000)
 Metaspace       used 75925K, committed 77440K, reserved 1179648K
  class space    used 9135K, committed 9792K, reserved 1048576K
}
Event: 220.232 GC heap before
{Heap before GC invocations=265 (full 3):
 PSYoungGen      total 19968K, used 19455K [0x00000000eab00000, 0x00000000ec780000, 0x0000000100000000)
  eden space 12800K, 99% used [0x00000000eab00000,0x00000000eb774098,0x00000000eb780000)
  from space 7168K, 93% used [0x00000000eb780000,0x00000000ebe0bd30,0x00000000ebe80000)
  to   space 8192K, 0% used [0x00000000ebf80000,0x00000000ebf80000,0x00000000ec780000)
 ParOldGen       total 370176K, used 369992K [0x00000000c0000000, 0x00000000d6980000, 0x00000000eab00000)
  object space 370176K, 99% used [0x00000000c0000000,0x00000000d6952178,0x00000000d6980000)
 Metaspace       used 76036K, committed 77568K, reserved 1179648K
  class space    used 9141K, committed 9792K, reserved 1048576K
}
Event: 220.240 GC heap after
{Heap after GC invocations=265 (full 3):
 PSYoungGen      total 17920K, used 5011K [0x00000000eab00000, 0x00000000ec480000, 0x0000000100000000)
  eden space 12800K, 0% used [0x00000000eab00000,0x00000000eab00000,0x00000000eb780000)
  from space 5120K, 97% used [0x00000000ebf80000,0x00000000ec464ff0,0x00000000ec480000)
  to   space 6144K, 0% used [0x00000000eb880000,0x00000000eb880000,0x00000000ebe80000)
 ParOldGen       total 376832K, used 376471K [0x00000000c0000000, 0x00000000d7000000, 0x00000000eab00000)
  object space 376832K, 99% used [0x00000000c0000000,0x00000000d6fa5d10,0x00000000d7000000)
 Metaspace       used 76036K, committed 77568K, reserved 1179648K
  class space    used 9141K, committed 9792K, reserved 1048576K
}
Event: 220.352 GC heap before
{Heap before GC invocations=266 (full 3):
 PSYoungGen      total 17920K, used 17479K [0x00000000eab00000, 0x00000000ec480000, 0x0000000100000000)
  eden space 12800K, 97% used [0x00000000eab00000,0x00000000eb72cf58,0x00000000eb780000)
  from space 5120K, 97% used [0x00000000ebf80000,0x00000000ec464ff0,0x00000000ec480000)
  to   space 6144K, 0% used [0x00000000eb880000,0x00000000eb880000,0x00000000ebe80000)
 ParOldGen       total 376832K, used 376471K [0x00000000c0000000, 0x00000000d7000000, 0x00000000eab00000)
  object space 376832K, 99% used [0x00000000c0000000,0x00000000d6fa5d10,0x00000000d7000000)
 Metaspace       used 76704K, committed 78208K, reserved 1179648K
  class space    used 9223K, committed 9856K, reserved 1048576K
}
Event: 220.358 GC heap after
{Heap after GC invocations=266 (full 3):
 PSYoungGen      total 18944K, used 6135K [0x00000000eab00000, 0x00000000ecf80000, 0x0000000100000000)
  eden space 12800K, 0% used [0x00000000eab00000,0x00000000eab00000,0x00000000eb780000)
  from space 6144K, 99% used [0x00000000eb880000,0x00000000ebe7dc78,0x00000000ebe80000)
  to   space 12288K, 0% used [0x00000000ec380000,0x00000000ec380000,0x00000000ecf80000)
 ParOldGen       total 381952K, used 381373K [0x00000000c0000000, 0x00000000d7500000, 0x00000000eab00000)
  object space 381952K, 99% used [0x00000000c0000000,0x00000000d746f7b8,0x00000000d7500000)
 Metaspace       used 76704K, committed 78208K, reserved 1179648K
  class space    used 9223K, committed 9856K, reserved 1048576K
}
Event: 220.542 GC heap before
{Heap before GC invocations=267 (full 3):
 PSYoungGen      total 18944K, used 18935K [0x00000000eab00000, 0x00000000ecf80000, 0x0000000100000000)
  eden space 12800K, 99% used [0x00000000eab00000,0x00000000eb77fff8,0x00000000eb780000)
  from space 6144K, 99% used [0x00000000eb880000,0x00000000ebe7dc78,0x00000000ebe80000)
  to   space 12288K, 0% used [0x00000000ec380000,0x00000000ec380000,0x00000000ecf80000)
 ParOldGen       total 381952K, used 381373K [0x00000000c0000000, 0x00000000d7500000, 0x00000000eab00000)
  object space 381952K, 99% used [0x00000000c0000000,0x00000000d746f7b8,0x00000000d7500000)
 Metaspace       used 76734K, committed 78208K, reserved 1179648K
  class space    used 9224K, committed 9856K, reserved 1048576K
}
Event: 220.556 GC heap after
{Heap after GC invocations=267 (full 3):
 PSYoungGen      total 23552K, used 10274K [0x00000000eab00000, 0x00000000ece00000, 0x0000000100000000)
  eden space 12800K, 0% used [0x00000000eab00000,0x00000000eab00000,0x00000000eb780000)
  from space 10752K, 95% used [0x00000000ec380000,0x00000000ecd88948,0x00000000ece00000)
  to   space 10752K, 0% used [0x00000000eb900000,0x00000000eb900000,0x00000000ec380000)
 ParOldGen       total 387584K, used 387395K [0x00000000c0000000, 0x00000000d7a80000, 0x00000000eab00000)
  object space 387584K, 99% used [0x00000000c0000000,0x00000000d7a50ff8,0x00000000d7a80000)
 Metaspace       used 76734K, committed 78208K, reserved 1179648K
  class space    used 9224K, committed 9856K, reserved 1048576K
}
Event: 220.709 GC heap before
{Heap before GC invocations=268 (full 3):
 PSYoungGen      total 23552K, used 22930K [0x00000000eab00000, 0x00000000ece00000, 0x0000000100000000)
  eden space 12800K, 98% used [0x00000000eab00000,0x00000000eb75c1c8,0x00000000eb780000)
  from space 10752K, 95% used [0x00000000ec380000,0x00000000ecd88948,0x00000000ece00000)
  to   space 10752K, 0% used [0x00000000eb900000,0x00000000eb900000,0x00000000ec380000)
 ParOldGen       total 387584K, used 387395K [0x00000000c0000000, 0x00000000d7a80000, 0x00000000eab00000)
  object space 387584K, 99% used [0x00000000c0000000,0x00000000d7a50ff8,0x00000000d7a80000)
 Metaspace       used 76771K, committed 78336K, reserved 1179648K
  class space    used 9224K, committed 9856K, reserved 1048576K
}
Event: 220.719 GC heap after
{Heap after GC invocations=268 (full 3):
 PSYoungGen      total 19456K, used 6326K [0x00000000eab00000, 0x00000000ec780000, 0x0000000100000000)
  eden space 12800K, 0% used [0x00000000eab00000,0x00000000eab00000,0x00000000eb780000)
  from space 6656K, 95% used [0x00000000eb900000,0x00000000ebf2db40,0x00000000ebf80000)
  to   space 8192K, 0% used [0x00000000ebf80000,0x00000000ebf80000,0x00000000ec780000)
 ParOldGen       total 397824K, used 397510K [0x00000000c0000000, 0x00000000d8480000, 0x00000000eab00000)
  object space 397824K, 99% used [0x00000000c0000000,0x00000000d84318b0,0x00000000d8480000)
 Metaspace       used 76771K, committed 78336K, reserved 1179648K
  class space    used 9224K, committed 9856K, reserved 1048576K
}
Event: 220.862 GC heap before
{Heap before GC invocations=269 (full 3):
 PSYoungGen      total 19456K, used 19126K [0x00000000eab00000, 0x00000000ec780000, 0x0000000100000000)
  eden space 12800K, 100% used [0x00000000eab00000,0x00000000eb780000,0x00000000eb780000)
  from space 6656K, 95% used [0x00000000eb900000,0x00000000ebf2db40,0x00000000ebf80000)
  to   space 8192K, 0% used [0x00000000ebf80000,0x00000000ebf80000,0x00000000ec780000)
 ParOldGen       total 397824K, used 397510K [0x00000000c0000000, 0x00000000d8480000, 0x00000000eab00000)
  object space 397824K, 99% used [0x00000000c0000000,0x00000000d84318b0,0x00000000d8480000)
 Metaspace       used 76796K, committed 78336K, reserved 1179648K
  class space    used 9224K, committed 9856K, reserved 1048576K
}
Event: 220.874 GC heap after
{Heap after GC invocations=269 (full 3):
 PSYoungGen      total 19968K, used 6937K [0x00000000eab00000, 0x00000000ec680000, 0x0000000100000000)
  eden space 12800K, 0% used [0x00000000eab00000,0x00000000eab00000,0x00000000eb780000)
  from space 7168K, 96% used [0x00000000ebf80000,0x00000000ec646418,0x00000000ec680000)
  to   space 7168K, 0% used [0x00000000eb880000,0x00000000eb880000,0x00000000ebf80000)
 ParOldGen       total 403968K, used 403667K [0x00000000c0000000, 0x00000000d8a80000, 0x00000000eab00000)
  object space 403968K, 99% used [0x00000000c0000000,0x00000000d8a34dd0,0x00000000d8a80000)
 Metaspace       used 76796K, committed 78336K, reserved 1179648K
  class space    used 9224K, committed 9856K, reserved 1048576K
}

